make[1]: Entering directory '/home/ruben1863/kernel-3.18/BGH-Out'
  GEN     ./Makefile
scripts/kconfig/conf --silentoldconfig Kconfig
  CHK     include/config/kernel.release
  GEN     ./Makefile
  UPD     include/config/kernel.release
  WRAP    arch/arm/include/generated/asm/bitsperlong.h
  WRAP    arch/arm/include/generated/asm/cputime.h
  WRAP    arch/arm/include/generated/asm/current.h
  WRAP    arch/arm/include/generated/asm/emergency-restart.h
  WRAP    arch/arm/include/generated/asm/errno.h
  WRAP    arch/arm/include/generated/asm/exec.h
  WRAP    arch/arm/include/generated/asm/hash.h
  WRAP    arch/arm/include/generated/asm/ioctl.h
  WRAP    arch/arm/include/generated/asm/ipcbuf.h
  WRAP    arch/arm/include/generated/asm/irq_regs.h
  CHK     include/generated/uapi/linux/version.h
  WRAP    arch/arm/include/generated/asm/kdebug.h
  WRAP    arch/arm/include/generated/asm/local.h
  WRAP    arch/arm/include/generated/asm/local64.h
  WRAP    arch/arm/include/generated/asm/mcs_spinlock.h
  WRAP    arch/arm/include/generated/asm/msgbuf.h
  WRAP    arch/arm/include/generated/asm/param.h
  UPD     include/generated/uapi/linux/version.h
  WRAP    arch/arm/include/generated/asm/parport.h
  WRAP    arch/arm/include/generated/asm/poll.h
  WRAP    arch/arm/include/generated/asm/preempt.h
  WRAP    arch/arm/include/generated/asm/resource.h
  WRAP    arch/arm/include/generated/asm/rwsem.h
  WRAP    arch/arm/include/generated/asm/scatterlist.h
  WRAP    arch/arm/include/generated/asm/sections.h
  WRAP    arch/arm/include/generated/asm/segment.h
  WRAP    arch/arm/include/generated/asm/sembuf.h
  WRAP    arch/arm/include/generated/asm/serial.h
  WRAP    arch/arm/include/generated/asm/shmbuf.h
  WRAP    arch/arm/include/generated/asm/siginfo.h
  WRAP    arch/arm/include/generated/asm/simd.h
  WRAP    arch/arm/include/generated/asm/sizes.h
  WRAP    arch/arm/include/generated/asm/socket.h
  WRAP    arch/arm/include/generated/asm/sockios.h
  WRAP    arch/arm/include/generated/asm/termbits.h
  WRAP    arch/arm/include/generated/asm/termios.h
  WRAP    arch/arm/include/generated/asm/timex.h
  WRAP    arch/arm/include/generated/asm/trace_clock.h
  CHK     include/generated/utsrelease.h
  UPD     include/generated/utsrelease.h
rm -f dtboimg.cfg.tmp
  HOSTCC  scripts/basic/bin2c
if ! cmp -s dtboimg.cfg.tmp dtboimg.cfg; then \
	mv dtboimg.cfg.tmp dtboimg.cfg; \
else \
	rm dtboimg.cfg.tmp; \
fi
../scripts/drvgen/drvgen.mk:87: recipe for target 'dtboimg.cfg' failed
Makefile:145: recipe for target 'sub-make' failed
make[1]: Entering directory '/home/ruben1863/kernel-3.18/BGH-Out'
  GEN     ./Makefile
scripts/kconfig/conf --silentoldconfig Kconfig
  CHK     include/config/kernel.release
  GEN     ./Makefile
  CHK     include/generated/uapi/linux/version.h
  CHK     include/generated/utsrelease.h
rm -f dtboimg.cfg.tmp
echo /home/ruben1863/kernel-3.18/BGH-Out/arch/arm/boot/dts/x5_pro.dtb >>dtboimg.cfg.tmp; echo " id=0" >>dtboimg.cfg.tmp; 
if ! cmp -s dtboimg.cfg.tmp dtboimg.cfg; then \
	mv dtboimg.cfg.tmp dtboimg.cfg; \
else \
	rm dtboimg.cfg.tmp; \
fi
  Using .. as source for kernel
  HOSTCC  scripts/dtc/dtc.o
  HOSTCC  scripts/genksyms/genksyms.o
  CC      scripts/mod/empty.o
  HOSTCC  scripts/mod/mk_elfconfig
  SHIPPED scripts/genksyms/parse.tab.c
  SHIPPED scripts/genksyms/lex.lex.c
  SHIPPED scripts/genksyms/keywords.hash.c
  SHIPPED scripts/genksyms/parse.tab.h
  HOSTCC  scripts/dtc/flattree.o
  HOSTCC  scripts/genksyms/parse.tab.o
  HOSTCC  scripts/dtc/fstree.o
  HOSTCC  scripts/dtc/data.o
  HOSTCC  scripts/dtc/livetree.o
  HOSTCC  scripts/genksyms/lex.lex.o
  CC      scripts/mod/devicetable-offsets.s
  HOSTCC  scripts/dtc/treesource.o
  HOSTCC  scripts/dtc/srcpos.o
  HOSTCC  scripts/dtc/checks.o
  HOSTCC  scripts/dtc/util.o
  SHIPPED scripts/dtc/dtc-lexer.lex.c
  SHIPPED scripts/dtc/dtc-parser.tab.h
  SHIPPED scripts/dtc/dtc-parser.tab.c
  HOSTCC  scripts/dtc/dtc-lexer.lex.o
  MKELF   scripts/mod/elfconfig.h
  GEN     scripts/mod/devicetable-offsets.h
  HOSTCC  scripts/mod/sumversion.o
  HOSTCC  scripts/dtc/dtc-parser.tab.o
  Generating include/generated/mach-types.h
  CC      kernel/bounds.s
  HOSTLD  scripts/genksyms/genksyms
  HOSTCC  scripts/selinux/genheaders/genheaders
../scripts/Makefile.modbuiltin:54: recipe for target 'drivers/misc/mediatek/flashlight/src' failed
  HOSTCC  scripts/kallsyms
  HOSTCC  scripts/sortextable
  HOSTCC  scripts/selinux/mdp/mdp
  HOSTCC  scripts/asn1_compiler
  HOSTCC  scripts/mod/modpost.o
../scripts/Makefile.modbuiltin:54: recipe for target 'drivers/misc/mediatek' failed
../scripts/Makefile.modbuiltin:54: recipe for target 'drivers/misc' failed
  HOSTCC  scripts/mod/file2alias.o
  HOSTLD  scripts/dtc/dtc
/home/ruben1863/kernel-3.18/Makefile:1127: recipe for target 'drivers/modules.builtin' failed
  GEN     include/generated/bounds.h
  CC      arch/arm/kernel/asm-offsets.s
  HOSTLD  scripts/mod/modpost
  GEN     include/generated/asm-offsets.h
  CALL    ../scripts/checksyscalls.sh
make[1]: Leaving directory '/home/ruben1863/kernel-3.18/BGH-Out'
Makefile:145: recipe for target 'sub-make' failed
make[1]: Entering directory '/home/ruben1863/kernel-3.18/BGH-Out'
  GEN     ./Makefile
scripts/kconfig/conf --silentoldconfig Kconfig
  CHK     include/config/kernel.release
  GEN     ./Makefile
  UPD     include/config/kernel.release
  WRAP    arch/arm/include/generated/asm/bitsperlong.h
  WRAP    arch/arm/include/generated/asm/cputime.h
  WRAP    arch/arm/include/generated/asm/current.h
  WRAP    arch/arm/include/generated/asm/emergency-restart.h
  WRAP    arch/arm/include/generated/asm/errno.h
  WRAP    arch/arm/include/generated/asm/exec.h
  WRAP    arch/arm/include/generated/asm/hash.h
  WRAP    arch/arm/include/generated/asm/ioctl.h
  WRAP    arch/arm/include/generated/asm/ipcbuf.h
  WRAP    arch/arm/include/generated/asm/irq_regs.h
  WRAP    arch/arm/include/generated/asm/kdebug.h
  WRAP    arch/arm/include/generated/asm/local.h
  WRAP    arch/arm/include/generated/asm/local64.h
  CHK     include/generated/uapi/linux/version.h
  WRAP    arch/arm/include/generated/asm/mcs_spinlock.h
  WRAP    arch/arm/include/generated/asm/msgbuf.h
  WRAP    arch/arm/include/generated/asm/param.h
  WRAP    arch/arm/include/generated/asm/parport.h
  WRAP    arch/arm/include/generated/asm/poll.h
  WRAP    arch/arm/include/generated/asm/preempt.h
  UPD     include/generated/uapi/linux/version.h
  WRAP    arch/arm/include/generated/asm/resource.h
  WRAP    arch/arm/include/generated/asm/rwsem.h
  WRAP    arch/arm/include/generated/asm/scatterlist.h
  WRAP    arch/arm/include/generated/asm/sections.h
  WRAP    arch/arm/include/generated/asm/segment.h
  WRAP    arch/arm/include/generated/asm/sembuf.h
  WRAP    arch/arm/include/generated/asm/serial.h
  WRAP    arch/arm/include/generated/asm/shmbuf.h
  WRAP    arch/arm/include/generated/asm/siginfo.h
  WRAP    arch/arm/include/generated/asm/simd.h
  WRAP    arch/arm/include/generated/asm/sizes.h
  WRAP    arch/arm/include/generated/asm/socket.h
  WRAP    arch/arm/include/generated/asm/sockios.h
  WRAP    arch/arm/include/generated/asm/termbits.h
  WRAP    arch/arm/include/generated/asm/termios.h
  WRAP    arch/arm/include/generated/asm/timex.h
  WRAP    arch/arm/include/generated/asm/trace_clock.h
  CHK     include/generated/utsrelease.h
  UPD     include/generated/utsrelease.h
rm -f dtboimg.cfg.tmp
  HOSTCC  scripts/basic/bin2c
echo /home/ruben1863/kernel-3.18/BGH-Out/arch/arm/boot/dts/x5_pro.dtb >>dtboimg.cfg.tmp; echo " id=0" >>dtboimg.cfg.tmp; 
if ! cmp -s dtboimg.cfg.tmp dtboimg.cfg; then \
	mv dtboimg.cfg.tmp dtboimg.cfg; \
else \
	rm dtboimg.cfg.tmp; \
fi
  Using .. as source for kernel
  HOSTCC  scripts/dtc/dtc.o
  HOSTCC  scripts/dtc/flattree.o
  HOSTCC  scripts/genksyms/genksyms.o
  CC      scripts/mod/empty.o
  HOSTCC  scripts/mod/mk_elfconfig
  SHIPPED scripts/genksyms/parse.tab.c
  SHIPPED scripts/genksyms/lex.lex.c
  CC      scripts/mod/devicetable-offsets.s
  SHIPPED scripts/genksyms/keywords.hash.c
  SHIPPED scripts/genksyms/parse.tab.h
  HOSTCC  scripts/genksyms/parse.tab.o
  GEN     scripts/mod/devicetable-offsets.h
  HOSTCC  scripts/selinux/genheaders/genheaders
  Generating include/generated/mach-types.h
  MKELF   scripts/mod/elfconfig.h
  HOSTCC  scripts/selinux/mdp/mdp
  HOSTCC  scripts/mod/modpost.o
  HOSTCC  scripts/mod/file2alias.o
  HOSTCC  scripts/kallsyms
  HOSTCC  scripts/sortextable
  HOSTCC  scripts/genksyms/lex.lex.o
  CC      kernel/bounds.s
  HOSTCC  scripts/mod/sumversion.o
  HOSTCC  scripts/dtc/fstree.o
  GEN     include/generated/bounds.h
  HOSTCC  scripts/asn1_compiler
  CC      arch/arm/kernel/asm-offsets.s
  HOSTCC  scripts/dtc/data.o
  HOSTCC  scripts/dtc/livetree.o
  HOSTCC  scripts/dtc/treesource.o
  HOSTLD  scripts/mod/modpost
  HOSTCC  scripts/dtc/srcpos.o
  HOSTLD  scripts/genksyms/genksyms
  GEN     include/generated/asm-offsets.h
  CALL    ../scripts/checksyscalls.sh
  HOSTCC  scripts/dtc/checks.o
  HOSTCC  scripts/dtc/util.o
  SHIPPED scripts/dtc/dtc-lexer.lex.c
  SHIPPED scripts/dtc/dtc-parser.tab.h
  SHIPPED scripts/dtc/dtc-parser.tab.c
  HOSTCC  scripts/dtc/dtc-lexer.lex.o
  HOSTCC  scripts/dtc/dtc-parser.tab.o
../scripts/Makefile.modbuiltin:54: recipe for target 'drivers/misc/mediatek/flashlight/src' failed
*MTK_GPU_VERSION 1 = mali
  HOSTLD  scripts/dtc/dtc
mali MTK evironment
mali MTK evironment
mali MTK evironment
../scripts/Makefile.modbuiltin:54: recipe for target 'drivers/misc/mediatek' failed
../scripts/Makefile.modbuiltin:54: recipe for target 'drivers/misc' failed
/home/ruben1863/kernel-3.18/Makefile:1127: recipe for target 'drivers/modules.builtin' failed
  DTC     arch/arm/boot/dts/x5_pro.dtb
scripts/Makefile.lib:293: recipe for target 'arch/arm/boot/dts/x5_pro.dtb' failed
../arch/arm/Makefile:334: recipe for target 'x5_pro.dtb' failed
make[1]: Leaving directory '/home/ruben1863/kernel-3.18/BGH-Out'
Makefile:145: recipe for target 'sub-make' failed
make[1]: Entering directory '/home/ruben1863/kernel-3.18/BGH-Out'
  GEN     ./Makefile
scripts/kconfig/conf --silentoldconfig Kconfig
  CHK     include/config/kernel.release
  GEN     ./Makefile
  UPD     include/config/kernel.release
  WRAP    arch/arm/include/generated/asm/bitsperlong.h
  WRAP    arch/arm/include/generated/asm/cputime.h
  WRAP    arch/arm/include/generated/asm/current.h
  WRAP    arch/arm/include/generated/asm/emergency-restart.h
  WRAP    arch/arm/include/generated/asm/errno.h
  WRAP    arch/arm/include/generated/asm/exec.h
  WRAP    arch/arm/include/generated/asm/hash.h
  WRAP    arch/arm/include/generated/asm/ioctl.h
  WRAP    arch/arm/include/generated/asm/ipcbuf.h
  WRAP    arch/arm/include/generated/asm/irq_regs.h
  WRAP    arch/arm/include/generated/asm/kdebug.h
  CHK     include/generated/uapi/linux/version.h
  WRAP    arch/arm/include/generated/asm/local.h
  WRAP    arch/arm/include/generated/asm/local64.h
  WRAP    arch/arm/include/generated/asm/mcs_spinlock.h
  WRAP    arch/arm/include/generated/asm/msgbuf.h
  WRAP    arch/arm/include/generated/asm/param.h
  UPD     include/generated/uapi/linux/version.h
  WRAP    arch/arm/include/generated/asm/parport.h
  WRAP    arch/arm/include/generated/asm/poll.h
  WRAP    arch/arm/include/generated/asm/preempt.h
  WRAP    arch/arm/include/generated/asm/resource.h
  WRAP    arch/arm/include/generated/asm/rwsem.h
  WRAP    arch/arm/include/generated/asm/scatterlist.h
  WRAP    arch/arm/include/generated/asm/sections.h
  WRAP    arch/arm/include/generated/asm/segment.h
  WRAP    arch/arm/include/generated/asm/sembuf.h
  WRAP    arch/arm/include/generated/asm/serial.h
  WRAP    arch/arm/include/generated/asm/shmbuf.h
  WRAP    arch/arm/include/generated/asm/siginfo.h
  WRAP    arch/arm/include/generated/asm/simd.h
  WRAP    arch/arm/include/generated/asm/sizes.h
  WRAP    arch/arm/include/generated/asm/socket.h
  WRAP    arch/arm/include/generated/asm/sockios.h
  WRAP    arch/arm/include/generated/asm/termbits.h
  WRAP    arch/arm/include/generated/asm/termios.h
  WRAP    arch/arm/include/generated/asm/timex.h
  WRAP    arch/arm/include/generated/asm/trace_clock.h
  CHK     include/generated/utsrelease.h
  UPD     include/generated/utsrelease.h
for i in ../arch/arm/boot/dts/x5_pro.dts; do \
	base_prj=`grep -m 1 '#include [<\"].*\/cust\.dtsi[>\"]' $i | sed 's/#include [<"]//g'\
       	| sed 's/\/cust\.dtsi[>"]//g' | sed 's/\/\*//g' | sed 's/\*\///g' | sed 's/ //g'`\
	prj_path=./arch/arm/boot/dts/$base_prj ;\
	dws_path=../drivers/misc/mediatek/dws/mt6735/$base_prj.dws ;\
	if [ -f $dws_path ] ; then \
		mkdir -p $prj_path ;\
		 ../tools/dct/DrvGen.py $dws_path $prj_path $prj_path cust_dtsi;\
	fi \
done
  HOSTCC  scripts/basic/bin2c
for i in ../arch/arm/boot/dts/x5_pro.dts; do \
	base_prj=`grep -m 1 '#include [<\"].*\/cust\.dtsi[>\"]' $i | sed 's/#include [<"]//g'\
       	| sed 's/\/cust\.dtsi[>"]//g' | sed 's/\/\*//g' | sed 's/\*\///g' | sed 's/ //g'`\
	prj_path=./arch/arm/boot/dts/$base_prj ;\
	dws_path=../drivers/misc/mediatek/dws/mt6735/$base_prj.dws ;\
	if [ -f $dws_path ] ; then \
		mkdir -p $prj_path ;\
		 ../tools/dct/DrvGen.py $dws_path $prj_path $prj_path cust_dtsi;\
	fi \
done
rm -f dtboimg.cfg.tmp
echo /home/ruben1863/kernel-3.18/BGH-Out/arch/arm/boot/dts/x5_pro.dtb >>dtboimg.cfg.tmp; echo " id=0" >>dtboimg.cfg.tmp; 
if ! cmp -s dtboimg.cfg.tmp dtboimg.cfg; then \
	mv dtboimg.cfg.tmp dtboimg.cfg; \
else \
	rm dtboimg.cfg.tmp; \
fi
[DCT_INFO]: DWS file path is /home/ruben1863/kernel-3.18/drivers/misc/mediatek/dws/mt6735/x5_pro.dws
[DCT_INFO]: Gen files path is /home/ruben1863/kernel-3.18/BGH-Out/arch/arm/boot/dts/x5_pro
[DCT_INFO]: Log files path is /home/ruben1863/kernel-3.18/BGH-Out/arch/arm/boot/dts/x5_pro
[DCT_INFO]: Parameter is cust_dtsi
[DCT_WARNING]: /home/ruben1863/kernel-3.18/drivers/misc/mediatek/dws/mt6735/x5_pro.dws is not xml format, try to use old DCT!
[DCT_ERROR]: /home/ruben1863/kernel-3.18/drivers/misc/mediatek/dws/mt6735/x5_pro.dws format error!
[DCT_INFO]: DWS file path is /home/ruben1863/kernel-3.18/drivers/misc/mediatek/dws/mt6735/x5_pro.dws
[DCT_INFO]: Gen files path is /home/ruben1863/kernel-3.18/BGH-Out/arch/arm/boot/dts/x5_pro
[DCT_INFO]: Log files path is /home/ruben1863/kernel-3.18/BGH-Out/arch/arm/boot/dts/x5_pro
[DCT_INFO]: Parameter is cust_dtsi
[DCT_WARNING]: /home/ruben1863/kernel-3.18/drivers/misc/mediatek/dws/mt6735/x5_pro.dws is not xml format, try to use old DCT!
[DCT_ERROR]: /home/ruben1863/kernel-3.18/drivers/misc/mediatek/dws/mt6735/x5_pro.dws format error!
../scripts/drvgen/drvgen.mk:62: recipe for target 'arch/arm/boot/dts/x5_pro.dtb' failed
../scripts/drvgen/drvgen.mk:62: recipe for target 'arch/arm/boot/dts/x5_pro/cust.dtsi' failed
*MTK_GPU_VERSION 1 = mali
mali MTK evironment
mali MTK evironment
mali MTK evironment
make[1]: Leaving directory '/home/ruben1863/kernel-3.18/BGH-Out'
Makefile:145: recipe for target 'sub-make' failed
make[1]: Entering directory '/home/ruben1863/kernel-3.18/BGH-Out'
  GEN     ./Makefile
scripts/kconfig/conf --silentoldconfig Kconfig
  CHK     include/config/kernel.release
  GEN     ./Makefile
  UPD     include/config/kernel.release
  WRAP    arch/arm/include/generated/asm/bitsperlong.h
  WRAP    arch/arm/include/generated/asm/cputime.h
  WRAP    arch/arm/include/generated/asm/current.h
  WRAP    arch/arm/include/generated/asm/emergency-restart.h
  WRAP    arch/arm/include/generated/asm/errno.h
  WRAP    arch/arm/include/generated/asm/exec.h
  WRAP    arch/arm/include/generated/asm/hash.h
  WRAP    arch/arm/include/generated/asm/ioctl.h
  WRAP    arch/arm/include/generated/asm/ipcbuf.h
  WRAP    arch/arm/include/generated/asm/irq_regs.h
  WRAP    arch/arm/include/generated/asm/kdebug.h
  WRAP    arch/arm/include/generated/asm/local.h
  WRAP    arch/arm/include/generated/asm/local64.h
  CHK     include/generated/uapi/linux/version.h
  WRAP    arch/arm/include/generated/asm/mcs_spinlock.h
  WRAP    arch/arm/include/generated/asm/msgbuf.h
  WRAP    arch/arm/include/generated/asm/param.h
  WRAP    arch/arm/include/generated/asm/parport.h
  WRAP    arch/arm/include/generated/asm/poll.h
  WRAP    arch/arm/include/generated/asm/preempt.h
  WRAP    arch/arm/include/generated/asm/resource.h
  UPD     include/generated/uapi/linux/version.h
  WRAP    arch/arm/include/generated/asm/rwsem.h
  WRAP    arch/arm/include/generated/asm/scatterlist.h
  WRAP    arch/arm/include/generated/asm/sections.h
  WRAP    arch/arm/include/generated/asm/segment.h
  WRAP    arch/arm/include/generated/asm/sembuf.h
  WRAP    arch/arm/include/generated/asm/serial.h
  WRAP    arch/arm/include/generated/asm/shmbuf.h
  WRAP    arch/arm/include/generated/asm/siginfo.h
  WRAP    arch/arm/include/generated/asm/simd.h
  WRAP    arch/arm/include/generated/asm/sizes.h
  WRAP    arch/arm/include/generated/asm/socket.h
  WRAP    arch/arm/include/generated/asm/sockios.h
  WRAP    arch/arm/include/generated/asm/termbits.h
  WRAP    arch/arm/include/generated/asm/termios.h
  WRAP    arch/arm/include/generated/asm/timex.h
  WRAP    arch/arm/include/generated/asm/trace_clock.h
  CHK     include/generated/utsrelease.h
  UPD     include/generated/utsrelease.h
  HOSTCC  scripts/basic/bin2c
make[1]: Leaving directory '/home/ruben1863/kernel-3.18/BGH-Out'
Makefile:145: recipe for target 'sub-make' failed
